Flow report for lab41
Thu Sep 16 14:55:50 2021
Quartus II 64-Bit Version 13.1.0 Build 162 10/23/2013 SJ Web Edition


---------------------
; Table of Contents ;
---------------------
  1. Legal Notice
  2. Flow Summary
  3. Flow Settings
  4. Flow Non-Default Global Settings
  5. Flow Elapsed Time
  6. Flow OS Summary
  7. Flow Log
  8. Flow Messages
  9. Flow Suppressed Messages



----------------
; Legal Notice ;
----------------
Copyright (C) 1991-2013 Altera Corporation
Your use of Altera Corporation's design tools, logic functions 
and other software and tools, and its AMPP partner logic 
functions, and any output files from any of the foregoing 
(including device programming or simulation files), and any 
associated documentation or information are expressly subject 
to the terms and conditions of the Altera Program License 
Subscription Agreement, Altera MegaCore Function License 
Agreement, or other applicable license agreement, including, 
without limitation, that your use is for the sole purpose of 
programming logic devices manufactured by Altera and sold by 
Altera or its authorized distributors.  Please refer to the 
applicable agreement for further details.



+------------------------------------------------------------------------+
; Flow Summary                                                           ;
+---------------------------+--------------------------------------------+
; Flow Status               ; Successful - Thu Sep 16 14:55:50 2021      ;
; Quartus II 64-Bit Version ; 13.1.0 Build 162 10/23/2013 SJ Web Edition ;
; Revision Name             ; lab41                                      ;
; Top-level Entity Name     ; lab41                                      ;
; Family                    ; MAX II                                     ;
; Device                    ; EPM240F100C4                               ;
; Timing Models             ; Final                                      ;
; Total logic elements      ; 20 / 240 ( 8 % )                           ;
; Total pins                ; 7 / 80 ( 9 % )                             ;
; Total virtual pins        ; 0                                          ;
; UFM blocks                ; 0 / 1 ( 0 % )                              ;
+---------------------------+--------------------------------------------+


+-----------------------------------------+
; Flow Settings                           ;
+-------------------+---------------------+
; Option            ; Setting             ;
+-------------------+---------------------+
; Start date & time ; 09/11/2021 00:34:22 ;
; Main task         ; Compilation         ;
; Revision Name     ; lab41               ;
+-------------------+---------------------+


+-----------------------------------------------------------------------------------------------------------------------------------------------------+
; Flow Non-Default Global Settings                                                                                                                    ;
+---------------------------------+--------------------------------------------------------------------+---------------+-------------+----------------+
; Assignment Name                 ; Value                                                              ; Default Value ; Entity Name ; Section Id     ;
+---------------------------------+--------------------------------------------------------------------+---------------+-------------+----------------+
; COMPILER_SIGNATURE_ID           ; 211210655424406.163130966205672                                    ; --            ; --          ; --             ;
; EDA_GENERATE_FUNCTIONAL_NETLIST ; On                                                                 ; --            ; --          ; eda_simulation ;
; EDA_NETLIST_WRITER_OUTPUT_DIR   ; C:/Custom/Other/study/mirea/ACaS/labs/lab41/lab41/simulation/qsim/ ; --            ; --          ; eda_simulation ;
; EDA_OUTPUT_DATA_FORMAT          ; Verilog Hdl                                                        ; --            ; --          ; eda_simulation ;
; EDA_SIMULATION_TOOL             ; ModelSim-Altera (Verilog)                                          ; <None>        ; --          ; --             ;
; MAX_CORE_JUNCTION_TEMP          ; 85                                                                 ; --            ; --          ; --             ;
; MIN_CORE_JUNCTION_TEMP          ; 0                                                                  ; --            ; --          ; --             ;
; POWER_PRESET_COOLING_SOLUTION   ; No Heat Sink With Still Air                                        ; --            ; --          ; --             ;
; PROJECT_OUTPUT_DIRECTORY        ; output_files                                                       ; --            ; --          ; --             ;
+---------------------------------+--------------------------------------------------------------------+---------------+-------------+----------------+


+-------------------------------------------------------------------------------------------------------------------------------+
; Flow Elapsed Time                                                                                                             ;
+---------------------------+--------------+-------------------------+---------------------+------------------------------------+
; Module Name               ; Elapsed Time ; Average Processors Used ; Peak Virtual Memory ; Total CPU Time (on all processors) ;
+---------------------------+--------------+-------------------------+---------------------+------------------------------------+
; Analysis & Synthesis      ; 00:00:01     ; 1.0                     ; 4586 MB             ; 00:00:01                           ;
; Fitter                    ; 00:00:02     ; 1.0                     ; 4823 MB             ; 00:00:01                           ;
; Assembler                 ; 00:00:00     ; 1.0                     ; 4545 MB             ; 00:00:01                           ;
; TimeQuest Timing Analyzer ; 00:00:01     ; 1.0                     ; 4541 MB             ; 00:00:01                           ;
; EDA Netlist Writer        ; 00:00:00     ; 1.0                     ; 4505 MB             ; 00:00:00                           ;
; EDA Netlist Writer        ; 00:00:01     ; 1.0                     ; 4522 MB             ; 00:00:00                           ;
; EDA Netlist Writer        ; 00:00:01     ; 1.0                     ; 4522 MB             ; 00:00:00                           ;
; EDA Netlist Writer        ; 00:00:01     ; 1.0                     ; 4522 MB             ; 00:00:00                           ;
; EDA Netlist Writer        ; 00:00:01     ; 1.0                     ; 4522 MB             ; 00:00:00                           ;
; EDA Netlist Writer        ; 00:00:01     ; 1.0                     ; 4522 MB             ; 00:00:00                           ;
; EDA Netlist Writer        ; 00:00:00     ; 1.0                     ; 4522 MB             ; 00:00:01                           ;
; EDA Netlist Writer        ; 00:00:01     ; 1.0                     ; 4522 MB             ; 00:00:00                           ;
; EDA Netlist Writer        ; 00:00:01     ; 1.0                     ; 4522 MB             ; 00:00:00                           ;
; Total                     ; 00:00:11     ; --                      ; --                  ; 00:00:05                           ;
+---------------------------+--------------+-------------------------+---------------------+------------------------------------+


+----------------------------------------------------------------------------------------+
; Flow OS Summary                                                                        ;
+---------------------------+------------------+-----------+------------+----------------+
; Module Name               ; Machine Hostname ; OS Name   ; OS Version ; Processor type ;
+---------------------------+------------------+-----------+------------+----------------+
; Analysis & Synthesis      ; LAPTOP-662GR3FE  ; Windows 7 ; 6.2        ; x86_64         ;
; Fitter                    ; LAPTOP-662GR3FE  ; Windows 7 ; 6.2        ; x86_64         ;
; Assembler                 ; LAPTOP-662GR3FE  ; Windows 7 ; 6.2        ; x86_64         ;
; TimeQuest Timing Analyzer ; LAPTOP-662GR3FE  ; Windows 7 ; 6.2        ; x86_64         ;
; EDA Netlist Writer        ; LAPTOP-662GR3FE  ; Windows 7 ; 6.2        ; x86_64         ;
; EDA Netlist Writer        ; LAPTOP-662GR3FE  ; Windows 7 ; 6.2        ; x86_64         ;
; EDA Netlist Writer        ; LAPTOP-662GR3FE  ; Windows 7 ; 6.2        ; x86_64         ;
; EDA Netlist Writer        ; LAPTOP-662GR3FE  ; Windows 7 ; 6.2        ; x86_64         ;
; EDA Netlist Writer        ; LAPTOP-662GR3FE  ; Windows 7 ; 6.2        ; x86_64         ;
; EDA Netlist Writer        ; LAPTOP-662GR3FE  ; Windows 7 ; 6.2        ; x86_64         ;
; EDA Netlist Writer        ; LAPTOP-662GR3FE  ; Windows 7 ; 6.2        ; x86_64         ;
; EDA Netlist Writer        ; LAPTOP-662GR3FE  ; Windows 7 ; 6.2        ; x86_64         ;
; EDA Netlist Writer        ; LAPTOP-662GR3FE  ; Windows 7 ; 6.2        ; x86_64         ;
+---------------------------+------------------+-----------+------------+----------------+


------------
; Flow Log ;
------------
quartus_map --read_settings_files=on --write_settings_files=off lab41 -c lab41
quartus_fit --read_settings_files=off --write_settings_files=off lab41 -c lab41
quartus_asm --read_settings_files=off --write_settings_files=off lab41 -c lab41
quartus_sta lab41 -c lab41
quartus_eda --read_settings_files=off --write_settings_files=off lab41 -c lab41
quartus_eda --gen_testbench --check_outputs=on --tool=modelsim_oem --format=verilog lab41 -c lab41 --vector_source=C:/Custom/Other/study/mirea/ACaS/labs/lab41/lab41/lab41.vwf --testbench_file=C:/Custom/Other/study/mirea/ACaS/labs/lab41/lab41/simulation/qsim/lab41.vwf.vt
quartus_eda --functional=on --flatten_buses=off --simulation=on --tool=modelsim_oem --format=verilog --output_directory=C:/Custom/Other/study/mirea/ACaS/labs/lab41/lab41/simulation/qsim/ lab41 -c lab41
quartus_eda --gen_testbench --check_outputs=on --tool=modelsim_oem --format=verilog lab41 -c lab41 --vector_source=C:/Custom/Other/study/mirea/ACaS/labs/lab41/lab41/lab41.vwf --testbench_file=C:/Custom/Other/study/mirea/ACaS/labs/lab41/lab41/simulation/qsim/lab41.vwf.vt
quartus_eda --functional=on --flatten_buses=off --simulation=on --tool=modelsim_oem --format=verilog --output_directory=C:/Custom/Other/study/mirea/ACaS/labs/lab41/lab41/simulation/qsim/ lab41 -c lab41
quartus_eda --gen_testbench --check_outputs=on --tool=modelsim_oem --format=verilog lab41 -c lab41 --vector_source=C:/Custom/Other/study/mirea/ACaS/labs/lab41/lab41/lab41.vwf --testbench_file=C:/Custom/Other/study/mirea/ACaS/labs/lab41/lab41/simulation/qsim/lab41.vwf.vt
quartus_eda --functional=on --flatten_buses=off --simulation=on --tool=modelsim_oem --format=verilog --output_directory=C:/Custom/Other/study/mirea/ACaS/labs/lab41/lab41/simulation/qsim/ lab41 -c lab41
quartus_eda --gen_testbench --check_outputs=on --tool=modelsim_oem --format=verilog lab41 -c lab41 --vector_source=C:/Custom/Other/study/mirea/ACaS/labs/lab41/lab41/lab41.vwf --testbench_file=C:/Custom/Other/study/mirea/ACaS/labs/lab41/lab41/simulation/qsim/lab41.vwf.vt
quartus_eda --functional=on --flatten_buses=off --simulation=on --tool=modelsim_oem --format=verilog --output_directory=C:/Custom/Other/study/mirea/ACaS/labs/lab41/lab41/simulation/qsim/ lab41 -c lab41



